[demo.hasthemes.com/flone-preview/flone/index.html]
[backblue.gif]
[fade.gif]
[index.html]
[demo.hasthemes.com/flone-preview/flone/assets/img/favicon.png]
[demo.hasthemes.com/flone-preview/flone/assets/css/icons.min.css]
[demo.hasthemes.com/flone-preview/flone/assets/css/bootstrap.min.css]
[demo.hasthemes.com/flone-preview/flone/assets/css/plugins.css]
[demo.hasthemes.com/flone-preview/flone/assets/js/vendor/modernizr-2.8.3.min.js]
[demo.hasthemes.com/flone-preview/flone/assets/css/style.css]
[demo.hasthemes.com/flone-preview/flone/assets/img/logo/logo.png]
[demo.hasthemes.com/flone-preview/flone/index-2.html]
[demo.hasthemes.com/flone-preview/flone/index-3.html]
[demo.hasthemes.com/flone-preview/flone/index-4.html]
[demo.hasthemes.com/flone-preview/flone/index-5.html]
[demo.hasthemes.com/flone-preview/flone/index-6.html]
[demo.hasthemes.com/flone-preview/flone/index-7.html]
[demo.hasthemes.com/flone-preview/flone/index-8.html]
[demo.hasthemes.com/flone-preview/flone/index-9.html]
[demo.hasthemes.com/flone-preview/flone/index-10.html]
[demo.hasthemes.com/flone-preview/flone/index-11.html]
[demo.hasthemes.com/flone-preview/flone/index-12.html]
[demo.hasthemes.com/flone-preview/flone/index-13.html]
[demo.hasthemes.com/flone-preview/flone/index-14.html]
[demo.hasthemes.com/flone-preview/flone/index-15.html]
[demo.hasthemes.com/flone-preview/flone/index-16.html]
[demo.hasthemes.com/flone-preview/flone/index-17.html]
[demo.hasthemes.com/flone-preview/flone/index-18.html]
[demo.hasthemes.com/flone-preview/flone/index-19.html]
[demo.hasthemes.com/flone-preview/flone/index-20.html]
[demo.hasthemes.com/flone-preview/flone/index-21.html]
[demo.hasthemes.com/flone-preview/flone/index-22.html]
[demo.hasthemes.com/flone-preview/flone/index-23.html]
[demo.hasthemes.com/flone-preview/flone/index-24.html]
[demo.hasthemes.com/flone-preview/flone/index-25.html]
[demo.hasthemes.com/flone-preview/flone/index-26.html]
[demo.hasthemes.com/flone-preview/flone/index-27.html]
[demo.hasthemes.com/flone-preview/flone/index-28.html]
[demo.hasthemes.com/flone-preview/flone/index-29.html]
[demo.hasthemes.com/flone-preview/flone/index-30.html]
[demo.hasthemes.com/flone-preview/flone/index-31.html]
[demo.hasthemes.com/flone-preview/flone/index-32.html]
[demo.hasthemes.com/flone-preview/flone/index-33.html]
[demo.hasthemes.com/flone-preview/flone/shop.html]
[demo.hasthemes.com/flone-preview/flone/shop-filter.html]
[demo.hasthemes.com/flone-preview/flone/shop-grid-2-col.html]
[demo.hasthemes.com/flone-preview/flone/shop-no-sidebar.html]
[demo.hasthemes.com/flone-preview/flone/shop-grid-fw.html]
[demo.hasthemes.com/flone-preview/flone/shop-right-sidebar.html]
[demo.hasthemes.com/flone-preview/flone/shop-list.html]
[demo.hasthemes.com/flone-preview/flone/shop-list-fw.html]
[demo.hasthemes.com/flone-preview/flone/shop-list-fw-2col.html]
[demo.hasthemes.com/flone-preview/flone/product-details.html]
[demo.hasthemes.com/flone-preview/flone/product-details-2.html]
[demo.hasthemes.com/flone-preview/flone/product-details-3.html]
[demo.hasthemes.com/flone-preview/flone/product-details-4.html]
[demo.hasthemes.com/flone-preview/flone/product-details-5.html]
[demo.hasthemes.com/flone-preview/flone/product-details-slider-box.html]
[demo.hasthemes.com/flone-preview/flone/product-details-affiliate.html]
[demo.hasthemes.com/flone-preview/flone/assets/img/banner/banner-12.png]
[demo.hasthemes.com/flone-preview/flone/product-details-6.html]
[demo.hasthemes.com/flone-preview/flone/about.html]
[demo.hasthemes.com/flone-preview/flone/cart-page.html]
[demo.hasthemes.com/flone-preview/flone/checkout.html]
[demo.hasthemes.com/flone-preview/flone/wishlist.html]
[demo.hasthemes.com/flone-preview/flone/my-account.html]
[demo.hasthemes.com/flone-preview/flone/login-register.html]
[demo.hasthemes.com/flone-preview/flone/contact.html]
[demo.hasthemes.com/flone-preview/flone/404.html]
[demo.hasthemes.com/flone-preview/flone/blog.html]
[demo.hasthemes.com/flone-preview/flone/blog-no-sidebar.html]
[demo.hasthemes.com/flone-preview/flone/blog-right-sidebar.html]
[demo.hasthemes.com/flone-preview/flone/blog-details.html]
[demo.hasthemes.com/flone-preview/flone/blog-details-2.html]
[demo.hasthemes.com/flone-preview/flone/blog-details-3.html]
[demo.hasthemes.com/flone-preview/flone/assets/img/cart/cart-1.png]
[demo.hasthemes.com/flone-preview/flone/assets/img/cart/cart-2.png]
[demo.hasthemes.com/flone-preview/flone/assets/img/slider/single-slide-1.png]
[demo.hasthemes.com/flone-preview/flone/assets/img/slider/single-slide-hm1-2.png]
[demo.hasthemes.com/flone-preview/flone/assets/img/icon-img/support-1.png]
[demo.hasthemes.com/flone-preview/flone/assets/img/icon-img/support-2.png]
[demo.hasthemes.com/flone-preview/flone/assets/img/icon-img/support-3.png]
[demo.hasthemes.com/flone-preview/flone/assets/img/icon-img/support-4.png]
[demo.hasthemes.com/flone-preview/flone/assets/img/product/pro-8.jpg]
[demo.hasthemes.com/flone-preview/flone/assets/img/product/pro-6.jpg]
[demo.hasthemes.com/flone-preview/flone/assets/img/product/pro-7.jpg]
[demo.hasthemes.com/flone-preview/flone/assets/img/product/pro-4-1.jpg]
[demo.hasthemes.com/flone-preview/flone/assets/img/product/pro-6-1.jpg]
[demo.hasthemes.com/flone-preview/flone/assets/img/product/pro-5.jpg]
[demo.hasthemes.com/flone-preview/flone/assets/img/product/pro-5-1.jpg]
[demo.hasthemes.com/flone-preview/flone/assets/img/product/pro-4.jpg]
[demo.hasthemes.com/flone-preview/flone/assets/img/product/pro-3.jpg]
[demo.hasthemes.com/flone-preview/flone/assets/img/product/pro-3-1.jpg]
[demo.hasthemes.com/flone-preview/flone/assets/img/product/pro-2.jpg]
[demo.hasthemes.com/flone-preview/flone/assets/img/product/pro-2-1.jpg]
[demo.hasthemes.com/flone-preview/flone/assets/img/product/pro-1.jpg]
[demo.hasthemes.com/flone-preview/flone/assets/img/product/pro-1-1.jpg]
[demo.hasthemes.com/flone-preview/flone/single-product.html]
[demo.hasthemes.com/flone-preview/flone/assets/img/blog/blog-1.jpg]
[demo.hasthemes.com/flone-preview/flone/assets/img/blog/blog-2.jpg]
[demo.hasthemes.com/flone-preview/flone/assets/img/blog/blog-3.jpg]
[demo.hasthemes.com/flone-preview/flone/assets/img/product/quickview-l1.jpg]
[demo.hasthemes.com/flone-preview/flone/assets/img/product/quickview-l2.jpg]
[demo.hasthemes.com/flone-preview/flone/assets/img/product/quickview-l3.jpg]
[demo.hasthemes.com/flone-preview/flone/assets/img/product/quickview-s1.jpg]
[demo.hasthemes.com/flone-preview/flone/assets/img/product/quickview-s2.jpg]
[demo.hasthemes.com/flone-preview/flone/assets/img/product/quickview-s3.jpg]
[demo.hasthemes.com/flone-preview/flone/assets/js/vendor/jquery-v3.4.1.min.js]
[demo.hasthemes.com/flone-preview/flone/assets/js/popper.min.js]
[demo.hasthemes.com/flone-preview/flone/assets/js/bootstrap.min.js]
[demo.hasthemes.com/flone-preview/flone/assets/js/ajax-mail.js]
[demo.hasthemes.com/flone-preview/flone/index.html]
[demo.hasthemes.com/flone-preview/flone/assets/img/slider/slider-1.jpg]
[demo.hasthemes.com/flone-preview/flone/assets/js/main.js]
[demo.hasthemes.com/flone-preview/flone/assets/img/slider/slider-2-2.jpg]
[demo.hasthemes.com/flone-preview/flone/assets/js/plugins.js]
[demo.hasthemes.com/flone-preview/flone/assets/img/banner/banner-1.jpg]
[demo.hasthemes.com/flone-preview/flone/assets/img/banner/banner-2.jpg]
[demo.hasthemes.com/flone-preview/flone/assets/img/banner/banner-3.jpg]
[demo.hasthemes.com/flone-preview/flone/assets/img/product/hm2-pro-5.jpg]
[demo.hasthemes.com/flone-preview/flone/assets/img/product/hm2-pro-4.jpg]
[demo.hasthemes.com/flone-preview/flone/assets/img/product/hm2-pro-3.jpg]
[demo.hasthemes.com/flone-preview/flone/assets/img/product/hm2-pro-2.jpg]
[demo.hasthemes.com/flone-preview/flone/assets/img/product/hm2-pro-1.jpg]
[demo.hasthemes.com/flone-preview/flone/assets/img/product/hm2-pro-8.jpg]
[demo.hasthemes.com/flone-preview/flone/assets/img/product/hm2-pro-7.jpg]
[demo.hasthemes.com/flone-preview/flone/assets/img/product/hm2-pro-6.jpg]
[demo.hasthemes.com/flone-preview/flone/index-2.html]
[demo.hasthemes.com/flone-preview/flone/assets/img/slider/slider-2.jpg]
[demo.hasthemes.com/flone-preview/flone/assets/img/product/hm3-pro-1.jpg]
[demo.hasthemes.com/flone-preview/flone/assets/img/product/hm3-pro-2.jpg]
[demo.hasthemes.com/flone-preview/flone/assets/img/product/hm3-pro-3.jpg]
[demo.hasthemes.com/flone-preview/flone/assets/img/product/hm3-pro-4.jpg]
[demo.hasthemes.com/flone-preview/flone/assets/img/product/hm3-pro-5.jpg]
[demo.hasthemes.com/flone-preview/flone/assets/img/product/hm3-pro-6.jpg]
[demo.hasthemes.com/flone-preview/flone/assets/img/product/hm3-pro-7.jpg]
[demo.hasthemes.com/flone-preview/flone/assets/img/product/hm3-pro-8.jpg]
[demo.hasthemes.com/flone-preview/flone/assets/img/product/hm3-pro-9.jpg]
[demo.hasthemes.com/flone-preview/flone/assets/img/product/hm3-pro-10.jpg]
[demo.hasthemes.com/flone-preview/flone/index-3.html]
[demo.hasthemes.com/flone-preview/flone/assets/img/slider/single-slide-2.png]
[demo.hasthemes.com/flone-preview/flone/assets/img/icon-img/slider-shape.png]
[demo.hasthemes.com/flone-preview/flone/assets/img/slider/single-slide-7.png]
[demo.hasthemes.com/flone-preview/flone/assets/img/banner/banner-4.png]
[demo.hasthemes.com/flone-preview/flone/assets/img/banner/banner-5.png]
[demo.hasthemes.com/flone-preview/flone/assets/img/banner/banner-6.png]
[demo.hasthemes.com/flone-preview/flone/assets/img/banner/banner-7.png]
[demo.hasthemes.com/flone-preview/flone/assets/img/product/hm4-pro-5.jpg]
[demo.hasthemes.com/flone-preview/flone/assets/img/product/hm4-pro-4.jpg]
[demo.hasthemes.com/flone-preview/flone/assets/img/product/hm4-pro-2.jpg]
[demo.hasthemes.com/flone-preview/flone/assets/img/product/hm4-pro-3.jpg]
[demo.hasthemes.com/flone-preview/flone/assets/img/product/hm4-pro-1.jpg]
[demo.hasthemes.com/flone-preview/flone/assets/img/product/hm4-pro-8.jpg]
[demo.hasthemes.com/flone-preview/flone/assets/img/product/hm4-pro-6.jpg]
[demo.hasthemes.com/flone-preview/flone/assets/img/product/hm4-pro-7.jpg]
[demo.hasthemes.com/flone-preview/flone/index-4.html]
[demo.hasthemes.com/flone-preview/flone/assets/img/logo/logo-2.png]
[demo.hasthemes.com/flone-preview/flone/assets/img/slider/slider-3.jpg]
[demo.hasthemes.com/flone-preview/flone/assets/img/slider/slider-4.jpg]
[demo.hasthemes.com/flone-preview/flone/assets/img/product/hm5-pro-1.jpg]
[demo.hasthemes.com/flone-preview/flone/assets/img/product/hm5-pro-2.jpg]
[demo.hasthemes.com/flone-preview/flone/assets/img/product/hm5-pro-3.jpg]
[demo.hasthemes.com/flone-preview/flone/assets/img/product/hm5-pro-4.jpg]
[demo.hasthemes.com/flone-preview/flone/assets/img/product/hm5-pro-5.jpg]
[demo.hasthemes.com/flone-preview/flone/assets/img/product/hm5-pro-6.jpg]
[demo.hasthemes.com/flone-preview/flone/assets/img/product/hm5-pro-7.jpg]
[demo.hasthemes.com/flone-preview/flone/assets/img/product/hm5-pro-8.jpg]
[demo.hasthemes.com/flone-preview/flone/assets/img/product/hm5-pro-9.jpg]
[demo.hasthemes.com/flone-preview/flone/assets/img/product/hm5-pro-10.jpg]
[demo.hasthemes.com/flone-preview/flone/assets/img/product/hm5-pro-11.jpg]
[demo.hasthemes.com/flone-preview/flone/assets/img/product/hm5-pro-12.jpg]
[demo.hasthemes.com/flone-preview/flone/index-5.html]
[demo.hasthemes.com/flone-preview/flone/assets/img/product/hm6-pro-1.jpg]
[demo.hasthemes.com/flone-preview/flone/assets/img/product/hm6-pro-2.jpg]
[demo.hasthemes.com/flone-preview/flone/assets/img/product/hm6-pro-3.jpg]
[demo.hasthemes.com/flone-preview/flone/assets/img/product/hm6-pro-4.jpg]
[demo.hasthemes.com/flone-preview/flone/assets/img/product/hm6-pro-5.jpg]
[demo.hasthemes.com/flone-preview/flone/assets/img/product/hm6-pro-6.jpg]
[demo.hasthemes.com/flone-preview/flone/assets/img/product/hm6-pro-7.jpg]
[demo.hasthemes.com/flone-preview/flone/assets/img/product/hm6-pro-8.jpg]
[demo.hasthemes.com/flone-preview/flone/index-6.html]
[demo.hasthemes.com/flone-preview/flone/assets/img/slider/slider-5.jpg]
[demo.hasthemes.com/flone-preview/flone/assets/img/slider/slider-5-1.jpg]
[demo.hasthemes.com/flone-preview/flone/assets/img/instagram/instagram-1.jpg]
[demo.hasthemes.com/flone-preview/flone/assets/img/instagram/instagram-2.jpg]
[demo.hasthemes.com/flone-preview/flone/assets/img/instagram/instagram-3.jpg]
[demo.hasthemes.com/flone-preview/flone/assets/img/instagram/instagram-4.jpg]
[demo.hasthemes.com/flone-preview/flone/assets/img/instagram/instagram-5.jpg]
[demo.hasthemes.com/flone-preview/flone/index-7.html]
[demo.hasthemes.com/flone-preview/flone/assets/img/slider/slider-6.jpg]
[demo.hasthemes.com/flone-preview/flone/assets/img/slider/slider-6-1.jpg]
[demo.hasthemes.com/flone-preview/flone/assets/img/slider/slider-6-2.jpg]
[demo.hasthemes.com/flone-preview/flone/assets/img/product/hm8-pro-1.jpg]
[demo.hasthemes.com/flone-preview/flone/assets/img/product/hm8-pro-2.jpg]
[demo.hasthemes.com/flone-preview/flone/assets/img/product/hm8-pro-3.jpg]
[demo.hasthemes.com/flone-preview/flone/assets/img/product/hm8-pro-4.jpg]
[demo.hasthemes.com/flone-preview/flone/assets/img/product/hm8-pro-5.jpg]
[demo.hasthemes.com/flone-preview/flone/assets/img/product/hm8-pro-6.jpg]
[demo.hasthemes.com/flone-preview/flone/assets/img/product/hm8-pro-7.jpg]
[demo.hasthemes.com/flone-preview/flone/assets/img/product/hm8-pro-8.jpg]
[demo.hasthemes.com/flone-preview/flone/assets/img/product/hm8-pro-9.jpg]
[demo.hasthemes.com/flone-preview/flone/assets/img/product/hm8-pro-10.jpg]
[demo.hasthemes.com/flone-preview/flone/assets/img/product/hm8-pro-11.jpg]
[demo.hasthemes.com/flone-preview/flone/assets/img/product/hm8-pro-12.jpg]
[demo.hasthemes.com/flone-preview/flone/index-8.html]
[demo.hasthemes.com/flone-preview/flone/assets/img/slider/single-slide-3.png]
[demo.hasthemes.com/flone-preview/flone/assets/img/slider/single-slide-6.png]
[demo.hasthemes.com/flone-preview/flone/assets/img/product/hm9-cagi-1.jpg]
[demo.hasthemes.com/flone-preview/flone/assets/img/product/hm9-cagi-2.jpg]
[demo.hasthemes.com/flone-preview/flone/assets/img/product/hm9-cagi-3.jpg]
[demo.hasthemes.com/flone-preview/flone/assets/img/product/hm9-pro-8.jpg]
[demo.hasthemes.com/flone-preview/flone/assets/img/product/hm9-pro-7.jpg]
[demo.hasthemes.com/flone-preview/flone/assets/img/product/hm9-pro-6.jpg]
[demo.hasthemes.com/flone-preview/flone/assets/img/product/hm9-pro-5.jpg]
[demo.hasthemes.com/flone-preview/flone/assets/img/product/hm9-pro-4.jpg]
[demo.hasthemes.com/flone-preview/flone/assets/img/product/hm9-pro-3.jpg]
[demo.hasthemes.com/flone-preview/flone/assets/img/product/hm9-pro-2.jpg]
[demo.hasthemes.com/flone-preview/flone/assets/img/product/hm9-pro-10.jpg]
[demo.hasthemes.com/flone-preview/flone/assets/img/product/hm9-pro-1.jpg]
[demo.hasthemes.com/flone-preview/flone/assets/img/product/hm9-pro-9.jpg]
[demo.hasthemes.com/flone-preview/flone/assets/img/banner/banner-8.png]
[demo.hasthemes.com/flone-preview/flone/assets/img/banner/banner-9.png]
[demo.hasthemes.com/flone-preview/flone/assets/img/testimonial/testi-1.png]
[demo.hasthemes.com/flone-preview/flone/assets/img/brand-logo/barnd-logo-1.png]
[demo.hasthemes.com/flone-preview/flone/assets/img/brand-logo/barnd-logo-2.png]
[demo.hasthemes.com/flone-preview/flone/assets/img/brand-logo/barnd-logo-3.png]
[demo.hasthemes.com/flone-preview/flone/assets/img/brand-logo/barnd-logo-4.png]
[demo.hasthemes.com/flone-preview/flone/assets/img/brand-logo/barnd-logo-5.png]
[demo.hasthemes.com/flone-preview/flone/index-9.html]
[demo.hasthemes.com/flone-preview/flone/assets/img/slider/single-slide-4.png]
[demo.hasthemes.com/flone-preview/flone/assets/img/slider/single-slide-5.png]
[demo.hasthemes.com/flone-preview/flone/assets/img/banner/banner-10.png]
[demo.hasthemes.com/flone-preview/flone/assets/img/banner/banner-11.png]
[demo.hasthemes.com/flone-preview/flone/assets/img/product/hm10-pro-4.jpg]
[demo.hasthemes.com/flone-preview/flone/assets/img/product/hm10-pro-3.jpg]
[demo.hasthemes.com/flone-preview/flone/assets/img/product/hm10-pro-2.jpg]
[demo.hasthemes.com/flone-preview/flone/assets/img/product/hm10-pro-1.jpg]
[demo.hasthemes.com/flone-preview/flone/assets/img/product/hm10-pro-6.jpg]
[demo.hasthemes.com/flone-preview/flone/assets/img/product/hm10-pro-5.jpg]
[demo.hasthemes.com/flone-preview/flone/assets/img/bg/bg-1.jpg]
[demo.hasthemes.com/flone-preview/flone/index-10.html]
[demo.hasthemes.com/flone-preview/flone/assets/img/slider/hm-11-1.png]
[demo.hasthemes.com/flone-preview/flone/assets/img/slider/hm-11-2.png]
[demo.hasthemes.com/flone-preview/flone/index-11.html]
[demo.hasthemes.com/flone-preview/flone/assets/img/slider/single-slide-11-1.png]
[demo.hasthemes.com/flone-preview/flone/assets/img/slider/single-slide-11-2.png]
[demo.hasthemes.com/flone-preview/flone/assets/img/banner/banner-13.png]
[demo.hasthemes.com/flone-preview/flone/assets/img/banner/banner-14.png]
[demo.hasthemes.com/flone-preview/flone/assets/img/banner/banner-15.png]
[demo.hasthemes.com/flone-preview/flone/assets/img/product/hm11-pro-5.jpg]
[demo.hasthemes.com/flone-preview/flone/assets/img/product/hm11-pro-4.jpg]
[demo.hasthemes.com/flone-preview/flone/assets/img/product/hm11-pro-2.jpg]
[demo.hasthemes.com/flone-preview/flone/assets/img/product/hm11-pro-3.jpg]
[demo.hasthemes.com/flone-preview/flone/assets/img/product/hm11-pro-1.jpg]
[demo.hasthemes.com/flone-preview/flone/assets/img/product/hm11-pro-8.jpg]
[demo.hasthemes.com/flone-preview/flone/assets/img/product/hm11-pro-6.jpg]
[demo.hasthemes.com/flone-preview/flone/assets/img/product/hm11-pro-7.jpg]
[demo.hasthemes.com/flone-preview/flone/index-12.html]
[demo.hasthemes.com/flone-preview/flone/assets/img/slider/hm13-slider-1.jpg]
[demo.hasthemes.com/flone-preview/flone/assets/img/product/hm13-pro-4.jpg]
[demo.hasthemes.com/flone-preview/flone/assets/img/product/hm13-pro-3.jpg]
[demo.hasthemes.com/flone-preview/flone/assets/img/product/hm13-pro-2.jpg]
[demo.hasthemes.com/flone-preview/flone/assets/img/product/hm13-pro-1.jpg]
[demo.hasthemes.com/flone-preview/flone/assets/img/product/hm13-pro-8.jpg]
[demo.hasthemes.com/flone-preview/flone/assets/img/product/hm13-pro-7.jpg]
[demo.hasthemes.com/flone-preview/flone/assets/img/product/hm13-pro-6.jpg]
[demo.hasthemes.com/flone-preview/flone/assets/img/product/hm13-pro-5.jpg]
[demo.hasthemes.com/flone-preview/flone/assets/img/banner/banner-16.png]
[demo.hasthemes.com/flone-preview/flone/assets/img/banner/banner-17.png]
[demo.hasthemes.com/flone-preview/flone/index-13.html]
[demo.hasthemes.com/flone-preview/flone/assets/img/slider/slider-7.jpg]
[demo.hasthemes.com/flone-preview/flone/assets/img/slider/single-slide-hm14-1.png]
[demo.hasthemes.com/flone-preview/flone/assets/img/banner/banner-18.png]
[demo.hasthemes.com/flone-preview/flone/assets/img/banner/banner-19.png]
[demo.hasthemes.com/flone-preview/flone/assets/img/banner/banner-20.png]
[demo.hasthemes.com/flone-preview/flone/assets/img/product/hm14-pro-4.jpg]
[demo.hasthemes.com/flone-preview/flone/assets/img/product/hm14-pro-3.jpg]
[demo.hasthemes.com/flone-preview/flone/assets/img/product/hm14-pro-1.jpg]
[demo.hasthemes.com/flone-preview/flone/assets/img/product/hm14-pro-2.jpg]
[demo.hasthemes.com/flone-preview/flone/assets/img/bg/section-bg-1.png]
[demo.hasthemes.com/flone-preview/flone/assets/img/product/deal-hm14.png]
[demo.hasthemes.com/flone-preview/flone/assets/img/bg/bg-2.jpg]
[demo.hasthemes.com/flone-preview/flone/assets/img/testimonial/testi-2.png]
[demo.hasthemes.com/flone-preview/flone/assets/img/bg/bg-3.jpg]
[demo.hasthemes.com/flone-preview/flone/index-14.html]
[demo.hasthemes.com/flone-preview/flone/assets/img/slider/slider-8.jpg]
[demo.hasthemes.com/flone-preview/flone/assets/img/slider/slider-8-2.jpg]
[demo.hasthemes.com/flone-preview/flone/assets/img/icon-img/support-5.png]
[demo.hasthemes.com/flone-preview/flone/assets/img/icon-img/support-8.png]
[demo.hasthemes.com/flone-preview/flone/assets/img/icon-img/support-6.png]
[demo.hasthemes.com/flone-preview/flone/assets/img/icon-img/support-9.png]
[demo.hasthemes.com/flone-preview/flone/assets/img/icon-img/support-7.png]
[demo.hasthemes.com/flone-preview/flone/assets/img/icon-img/support-10.png]
[demo.hasthemes.com/flone-preview/flone/assets/img/product/hm15-pro-4.jpg]
[demo.hasthemes.com/flone-preview/flone/assets/img/product/hm15-pro-5.jpg]
[demo.hasthemes.com/flone-preview/flone/assets/img/product/hm15-pro-2.jpg]
[demo.hasthemes.com/flone-preview/flone/assets/img/product/hm15-pro-1.jpg]
[demo.hasthemes.com/flone-preview/flone/assets/img/product/hm15-pro-3.jpg]
[demo.hasthemes.com/flone-preview/flone/assets/img/product/hm15-pro-8.jpg]
[demo.hasthemes.com/flone-preview/flone/assets/img/product/hm15-pro-6.jpg]
[demo.hasthemes.com/flone-preview/flone/assets/img/product/hm15-pro-7.jpg]
[demo.hasthemes.com/flone-preview/flone/assets/img/banner/banner-21.png]
[demo.hasthemes.com/flone-preview/flone/assets/img/banner/banner-22.png]
[demo.hasthemes.com/flone-preview/flone/assets/img/banner/banner-23.png]
[demo.hasthemes.com/flone-preview/flone/assets/img/banner/banner-24.png]
[demo.hasthemes.com/flone-preview/flone/assets/img/banner/banner-25.png]
[demo.hasthemes.com/flone-preview/flone/assets/img/banner/deal.png]
[demo.hasthemes.com/flone-preview/flone/index-15.html]
[demo.hasthemes.com/flone-preview/flone/assets/img/slider/slider-9.jpg]
[demo.hasthemes.com/flone-preview/flone/assets/img/banner/banner-26.png]
[demo.hasthemes.com/flone-preview/flone/assets/img/banner/banner-27.png]
[demo.hasthemes.com/flone-preview/flone/assets/img/banner/banner-28.png]
[demo.hasthemes.com/flone-preview/flone/assets/img/product/hm10-pro-8.jpg]
[demo.hasthemes.com/flone-preview/flone/assets/img/product/hm10-pro-7.jpg]
[demo.hasthemes.com/flone-preview/flone/assets/img/banner/banner-29.png]
[demo.hasthemes.com/flone-preview/flone/assets/img/banner/banner-30.png]
[demo.hasthemes.com/flone-preview/flone/assets/img/banner/banner-31.png]
[demo.hasthemes.com/flone-preview/flone/assets/img/bg/bg-4.jpg]
[demo.hasthemes.com/flone-preview/flone/index-16.html]
[demo.hasthemes.com/flone-preview/flone/assets/img/slider/slider-10.jpg]
[demo.hasthemes.com/flone-preview/flone/assets/img/slider/slider-10-2.jpg]
[demo.hasthemes.com/flone-preview/flone/assets/img/banner/banner-32.png]
[demo.hasthemes.com/flone-preview/flone/assets/img/banner/banner-33.png]
[demo.hasthemes.com/flone-preview/flone/assets/img/banner/banner-34.png]
[demo.hasthemes.com/flone-preview/flone/assets/img/product/hm17-pro-4.jpg]
[demo.hasthemes.com/flone-preview/flone/assets/img/product/hm17-pro-5.jpg]
[demo.hasthemes.com/flone-preview/flone/assets/img/product/hm17-pro-2.jpg]
[demo.hasthemes.com/flone-preview/flone/assets/img/product/hm17-pro-1.jpg]
[demo.hasthemes.com/flone-preview/flone/assets/img/product/hm17-pro-3.jpg]
[demo.hasthemes.com/flone-preview/flone/assets/img/product/hm17-pro-8.jpg]
[demo.hasthemes.com/flone-preview/flone/assets/img/product/hm17-pro-6.jpg]
[demo.hasthemes.com/flone-preview/flone/assets/img/product/hm17-pro-7.jpg]
[demo.hasthemes.com/flone-preview/flone/assets/img/banner/banner-35.png]
[demo.hasthemes.com/flone-preview/flone/assets/img/banner/banner-36.png]
[demo.hasthemes.com/flone-preview/flone/assets/img/banner/banner-37.png]
[demo.hasthemes.com/flone-preview/flone/index-17.html]
[demo.hasthemes.com/flone-preview/flone/assets/img/slider/slider-11.jpg]
[demo.hasthemes.com/flone-preview/flone/assets/img/slider/slider-11-2.jpg]
[demo.hasthemes.com/flone-preview/flone/assets/img/banner/banner-38.png]
[demo.hasthemes.com/flone-preview/flone/assets/img/banner/banner-39.png]
[demo.hasthemes.com/flone-preview/flone/assets/img/product/hm18-pro-4.jpg]
[demo.hasthemes.com/flone-preview/flone/assets/img/product/hm18-pro-5.jpg]
[demo.hasthemes.com/flone-preview/flone/assets/img/product/hm18-pro-2.jpg]
[demo.hasthemes.com/flone-preview/flone/assets/img/product/hm18-pro-1.jpg]
[demo.hasthemes.com/flone-preview/flone/assets/img/product/hm18-pro-3.jpg]
[demo.hasthemes.com/flone-preview/flone/assets/img/product/hm18-pro-8.jpg]
[demo.hasthemes.com/flone-preview/flone/assets/img/product/hm18-pro-6.jpg]
[demo.hasthemes.com/flone-preview/flone/assets/img/product/hm18-pro-7.jpg]
[demo.hasthemes.com/flone-preview/flone/assets/img/bg/bg-5.jpg]
[demo.hasthemes.com/flone-preview/flone/assets/img/brand-logo/barnd-logo-6.png]
[demo.hasthemes.com/flone-preview/flone/assets/img/brand-logo/barnd-logo-7.png]
[demo.hasthemes.com/flone-preview/flone/assets/img/brand-logo/barnd-logo-8.png]
[demo.hasthemes.com/flone-preview/flone/assets/img/brand-logo/barnd-logo-9.png]
[demo.hasthemes.com/flone-preview/flone/index-18.html]
[demo.hasthemes.com/flone-preview/flone/assets/img/slider/slider-19-1.jpg]
[demo.hasthemes.com/flone-preview/flone/assets/img/slider/slider-19-2.jpg]
[demo.hasthemes.com/flone-preview/flone/assets/img/product/hm19-pro-2.jpg]
[demo.hasthemes.com/flone-preview/flone/assets/img/product/hm19-pro-1.jpg]
[demo.hasthemes.com/flone-preview/flone/assets/img/product/hm19-pro-4.jpg]
[demo.hasthemes.com/flone-preview/flone/assets/img/product/hm19-pro-3.jpg]
[demo.hasthemes.com/flone-preview/flone/assets/img/banner/banner-40.png]
[demo.hasthemes.com/flone-preview/flone/assets/img/banner/banner-41.png]
[demo.hasthemes.com/flone-preview/flone/assets/img/banner/deal-2.png]
[demo.hasthemes.com/flone-preview/flone/assets/img/bg/pattern-1.png]
[demo.hasthemes.com/flone-preview/flone/index-19.html]
[demo.hasthemes.com/flone-preview/flone/assets/img/slider/slider-20-1.jpg]
[demo.hasthemes.com/flone-preview/flone/assets/img/product/hm20-pro-1.png]
[demo.hasthemes.com/flone-preview/flone/assets/img/product/hm20-pro-2.png]
[demo.hasthemes.com/flone-preview/flone/assets/img/product/hm20-pro-3.png]
[demo.hasthemes.com/flone-preview/flone/assets/img/product/hm20-pro-4.png]
[demo.hasthemes.com/flone-preview/flone/assets/img/product/hm20-pro-12.jpg]
[demo.hasthemes.com/flone-preview/flone/assets/img/product/hm20-pro-11.jpg]
[demo.hasthemes.com/flone-preview/flone/assets/img/product/hm20-pro-10.jpg]
[demo.hasthemes.com/flone-preview/flone/assets/img/product/hm20-pro-9.jpg]
[demo.hasthemes.com/flone-preview/flone/assets/img/product/hm20-pro-8.jpg]
[demo.hasthemes.com/flone-preview/flone/assets/img/product/hm20-pro-7.jpg]
[demo.hasthemes.com/flone-preview/flone/assets/img/product/hm20-pro-6.jpg]
[demo.hasthemes.com/flone-preview/flone/assets/img/product/hm20-pro-5.jpg]
[demo.hasthemes.com/flone-preview/flone/assets/img/banner/banner-42.png]
[demo.hasthemes.com/flone-preview/flone/assets/img/banner/banner-43.png]
[demo.hasthemes.com/flone-preview/flone/assets/img/banner/banner-44.png]
[demo.hasthemes.com/flone-preview/flone/assets/img/blog/blog-10.jpg]
[demo.hasthemes.com/flone-preview/flone/assets/img/blog/blog-11.jpg]
[demo.hasthemes.com/flone-preview/flone/assets/img/blog/blog-12.jpg]
[demo.hasthemes.com/flone-preview/flone/index-20.html]
[demo.hasthemes.com/flone-preview/flone/assets/img/slider/slider-21-1.jpg]
[demo.hasthemes.com/flone-preview/flone/assets/img/slider/slider-21-2.jpg]
[demo.hasthemes.com/flone-preview/flone/assets/img/banner/banner-45.png]
[demo.hasthemes.com/flone-preview/flone/assets/img/banner/banner-46.png]
[demo.hasthemes.com/flone-preview/flone/assets/img/banner/banner-47.png]
[demo.hasthemes.com/flone-preview/flone/assets/img/banner/deal-3.png]
[demo.hasthemes.com/flone-preview/flone/assets/img/product/hm21-pro-1.jpg]
[demo.hasthemes.com/flone-preview/flone/assets/img/product/hm21-pro-2.jpg]
[demo.hasthemes.com/flone-preview/flone/assets/img/product/hm21-pro-3.jpg]
[demo.hasthemes.com/flone-preview/flone/assets/img/product/hm21-pro-4.jpg]
[demo.hasthemes.com/flone-preview/flone/assets/img/product/hm21-pro-5.jpg]
[demo.hasthemes.com/flone-preview/flone/assets/img/product/hm21-pro-6.jpg]
[demo.hasthemes.com/flone-preview/flone/assets/img/product/hm21-pro-7.jpg]
[demo.hasthemes.com/flone-preview/flone/assets/img/product/hm21-pro-8.jpg]
[demo.hasthemes.com/flone-preview/flone/assets/img/banner/banner-48.png]
[demo.hasthemes.com/flone-preview/flone/assets/img/banner/banner-49.png]
[demo.hasthemes.com/flone-preview/flone/index-21.html]
[demo.hasthemes.com/flone-preview/flone/assets/img/slider/slider-22-1.jpg]
[demo.hasthemes.com/flone-preview/flone/assets/img/slider/slider-22-2.jpg]
[demo.hasthemes.com/flone-preview/flone/assets/img/product/hm22-pro-1.png]
[demo.hasthemes.com/flone-preview/flone/assets/img/product/hm22-pro-2.png]
[demo.hasthemes.com/flone-preview/flone/assets/img/product/hm22-pro-3.png]
[demo.hasthemes.com/flone-preview/flone/assets/img/product/hm22-pro-4.png]
[demo.hasthemes.com/flone-preview/flone/assets/img/banner/banner-50.png]
[demo.hasthemes.com/flone-preview/flone/assets/img/banner/banner-51.png]
[demo.hasthemes.com/flone-preview/flone/assets/img/product/hm22-pro-12.jpg]
[demo.hasthemes.com/flone-preview/flone/assets/img/product/hm22-pro-11.jpg]
[demo.hasthemes.com/flone-preview/flone/assets/img/product/hm22-pro-10.jpg]
[demo.hasthemes.com/flone-preview/flone/assets/img/product/hm22-pro-9.jpg]
[demo.hasthemes.com/flone-preview/flone/assets/img/product/hm22-pro-8.jpg]
[demo.hasthemes.com/flone-preview/flone/assets/img/product/hm22-pro-7.jpg]
[demo.hasthemes.com/flone-preview/flone/assets/img/product/hm22-pro-6.jpg]
[demo.hasthemes.com/flone-preview/flone/assets/img/product/hm22-pro-5.jpg]
[demo.hasthemes.com/flone-preview/flone/assets/img/banner/deal-4.png]
[demo.hasthemes.com/flone-preview/flone/index-22.html]
[demo.hasthemes.com/flone-preview/flone/assets/img/slider/slider-23-1.jpg]
[demo.hasthemes.com/flone-preview/flone/assets/img/product/hm23-pro-1.jpg]
[demo.hasthemes.com/flone-preview/flone/assets/img/product/hm23-pro-2.jpg]
[demo.hasthemes.com/flone-preview/flone/assets/img/product/hm23-pro-3.jpg]
[demo.hasthemes.com/flone-preview/flone/assets/img/product/hm23-pro-4.jpg]
[demo.hasthemes.com/flone-preview/flone/assets/img/product/hm23-pro-5.jpg]
[demo.hasthemes.com/flone-preview/flone/assets/img/product/hm23-pro-6.jpg]
[demo.hasthemes.com/flone-preview/flone/assets/img/product/hm23-pro-7.jpg]
[demo.hasthemes.com/flone-preview/flone/assets/img/product/hm23-pro-8.jpg]
[demo.hasthemes.com/flone-preview/flone/assets/img/banner/banner-52.png]
[demo.hasthemes.com/flone-preview/flone/assets/img/banner/banner-53.png]
[demo.hasthemes.com/flone-preview/flone/assets/img/banner/deal-5.png]
[demo.hasthemes.com/flone-preview/flone/index-23.html]
[demo.hasthemes.com/flone-preview/flone/assets/img/slider/slider-24-1.jpg]
[demo.hasthemes.com/flone-preview/flone/assets/img/slider/single-slide-24-1.png]
[demo.hasthemes.com/flone-preview/flone/assets/img/banner/banner-54.png]
[demo.hasthemes.com/flone-preview/flone/assets/img/banner/banner-55.png]
[demo.hasthemes.com/flone-preview/flone/assets/img/banner/banner-56.png]
[demo.hasthemes.com/flone-preview/flone/assets/img/product/hm24-pro-4.jpg]
[demo.hasthemes.com/flone-preview/flone/assets/img/product/hm24-pro-3.jpg]
[demo.hasthemes.com/flone-preview/flone/assets/img/product/hm24-pro-2.jpg]
[demo.hasthemes.com/flone-preview/flone/assets/img/product/hm24-pro-1.jpg]
[demo.hasthemes.com/flone-preview/flone/assets/img/product/hm24-pro-8.jpg]
[demo.hasthemes.com/flone-preview/flone/assets/img/product/hm24-pro-7.jpg]
[demo.hasthemes.com/flone-preview/flone/assets/img/product/hm24-pro-6.jpg]
[demo.hasthemes.com/flone-preview/flone/assets/img/product/hm24-pro-5.jpg]
[demo.hasthemes.com/flone-preview/flone/assets/img/banner/banner-57.png]
[demo.hasthemes.com/flone-preview/flone/assets/img/banner/banner-58.png]
[demo.hasthemes.com/flone-preview/flone/assets/img/banner/deal-6.png]
[demo.hasthemes.com/flone-preview/flone/index-24.html]
[demo.hasthemes.com/flone-preview/flone/assets/img/slider/single-slide-25-1.png]
[demo.hasthemes.com/flone-preview/flone/assets/img/product/hm25-pro-2.jpg]
[demo.hasthemes.com/flone-preview/flone/assets/img/product/hm25-pro-1.jpg]
[demo.hasthemes.com/flone-preview/flone/assets/img/product/hm25-pro-4.jpg]
[demo.hasthemes.com/flone-preview/flone/assets/img/product/hm25-pro-3.jpg]
[demo.hasthemes.com/flone-preview/flone/assets/img/banner/banner-59.png]
[demo.hasthemes.com/flone-preview/flone/assets/img/banner/banner-60.png]
[demo.hasthemes.com/flone-preview/flone/assets/img/banner/banner-61.png]
[demo.hasthemes.com/flone-preview/flone/assets/img/banner/deal-7.png]
[demo.hasthemes.com/flone-preview/flone/index-25.html]
[demo.hasthemes.com/flone-preview/flone/assets/img/slider/slider-26-1.jpg]
[demo.hasthemes.com/flone-preview/flone/assets/img/banner/banner-62.png]
[demo.hasthemes.com/flone-preview/flone/assets/img/banner/banner-63.png]
[demo.hasthemes.com/flone-preview/flone/assets/img/banner/banner-64.png]
[demo.hasthemes.com/flone-preview/flone/assets/img/product/hm26-pro-4.jpg]
[demo.hasthemes.com/flone-preview/flone/assets/img/product/hm26-pro-5.jpg]
[demo.hasthemes.com/flone-preview/flone/assets/img/product/hm26-pro-2.jpg]
[demo.hasthemes.com/flone-preview/flone/assets/img/product/hm26-pro-1.jpg]
[demo.hasthemes.com/flone-preview/flone/assets/img/product/hm26-pro-3.jpg]
[demo.hasthemes.com/flone-preview/flone/assets/img/product/hm26-pro-8.jpg]
[demo.hasthemes.com/flone-preview/flone/assets/img/product/hm26-pro-6.jpg]
[demo.hasthemes.com/flone-preview/flone/assets/img/product/hm26-pro-7.jpg]
[demo.hasthemes.com/flone-preview/flone/assets/img/banner/banner-65.png]
[demo.hasthemes.com/flone-preview/flone/assets/img/banner/banner-66.png]
[demo.hasthemes.com/flone-preview/flone/index-26.html]
[demo.hasthemes.com/flone-preview/flone/assets/img/slider/slider-27-1.jpg]
[demo.hasthemes.com/flone-preview/flone/assets/img/banner/banner-67.png]
[demo.hasthemes.com/flone-preview/flone/assets/img/banner/banner-68.png]
[demo.hasthemes.com/flone-preview/flone/assets/img/banner/banner-69.png]
[demo.hasthemes.com/flone-preview/flone/assets/img/bg/section-bg-2.png]
[demo.hasthemes.com/flone-preview/flone/assets/img/product/hm27-pro-4.jpg]
[demo.hasthemes.com/flone-preview/flone/assets/img/product/hm27-pro-3.jpg]
[demo.hasthemes.com/flone-preview/flone/assets/img/product/hm27-pro-1.jpg]
[demo.hasthemes.com/flone-preview/flone/assets/img/product/hm27-pro-2.jpg]
[demo.hasthemes.com/flone-preview/flone/assets/img/banner/deal-8.png]
[demo.hasthemes.com/flone-preview/flone/assets/img/bg/section-bg-3.png]
[demo.hasthemes.com/flone-preview/flone/assets/img/product/hm27-pro-8.jpg]
[demo.hasthemes.com/flone-preview/flone/assets/img/product/hm27-pro-7.jpg]
[demo.hasthemes.com/flone-preview/flone/assets/img/product/hm27-pro-5.jpg]
[demo.hasthemes.com/flone-preview/flone/assets/img/product/hm27-pro-6.jpg]
[demo.hasthemes.com/flone-preview/flone/index-27.html]
[demo.hasthemes.com/flone-preview/flone/assets/img/slider/slider-28-1.jpg]
[demo.hasthemes.com/flone-preview/flone/assets/img/slider/slider-28-2.jpg]
[demo.hasthemes.com/flone-preview/flone/assets/img/banner/banner-70.png]
[demo.hasthemes.com/flone-preview/flone/assets/img/banner/banner-71.png]
[demo.hasthemes.com/flone-preview/flone/assets/img/product/hm28-pro-4.jpg]
[demo.hasthemes.com/flone-preview/flone/assets/img/product/hm28-pro-3.jpg]
[demo.hasthemes.com/flone-preview/flone/assets/img/product/hm28-pro-2.jpg]
[demo.hasthemes.com/flone-preview/flone/assets/img/product/hm28-pro-1.jpg]
[demo.hasthemes.com/flone-preview/flone/assets/img/product/hm28-pro-8.jpg]
[demo.hasthemes.com/flone-preview/flone/assets/img/product/hm28-pro-7.jpg]
[demo.hasthemes.com/flone-preview/flone/assets/img/product/hm28-pro-6.jpg]
[demo.hasthemes.com/flone-preview/flone/assets/img/product/hm28-pro-5.jpg]
[demo.hasthemes.com/flone-preview/flone/assets/img/banner/banner-72.png]
[demo.hasthemes.com/flone-preview/flone/assets/img/banner/banner-73.png]
[demo.hasthemes.com/flone-preview/flone/assets/img/banner/banner-74.png]
[demo.hasthemes.com/flone-preview/flone/assets/img/banner/deal-9.png]
[demo.hasthemes.com/flone-preview/flone/index-28.html]
[demo.hasthemes.com/flone-preview/flone/assets/img/slider/slider-29-1.jpg]
[demo.hasthemes.com/flone-preview/flone/assets/img/product/hm29-pro-4.jpg]
[demo.hasthemes.com/flone-preview/flone/assets/img/product/hm29-pro-3.jpg]
[demo.hasthemes.com/flone-preview/flone/assets/img/product/hm29-pro-2.jpg]
[demo.hasthemes.com/flone-preview/flone/assets/img/product/hm29-pro-1.jpg]
[demo.hasthemes.com/flone-preview/flone/assets/img/product/hm29-pro-8.jpg]
[demo.hasthemes.com/flone-preview/flone/assets/img/product/hm29-pro-7.jpg]
[demo.hasthemes.com/flone-preview/flone/assets/img/product/hm29-pro-6.jpg]
[demo.hasthemes.com/flone-preview/flone/assets/img/product/hm29-pro-5.jpg]
[demo.hasthemes.com/flone-preview/flone/assets/img/banner/banner-75.png]
[demo.hasthemes.com/flone-preview/flone/assets/img/banner/banner-76.png]
[demo.hasthemes.com/flone-preview/flone/assets/img/product/hm29-pro-9.jpg]
[demo.hasthemes.com/flone-preview/flone/assets/img/product/hm29-pro-10.jpg]
[demo.hasthemes.com/flone-preview/flone/assets/img/product/hm29-pro-11.jpg]
[demo.hasthemes.com/flone-preview/flone/assets/img/product/hm29-pro-12.jpg]
[demo.hasthemes.com/flone-preview/flone/index-29.html]
[demo.hasthemes.com/flone-preview/flone/assets/img/instagram/instagram-6.jpg]
[demo.hasthemes.com/flone-preview/flone/assets/img/instagram/instagram-7.jpg]
[demo.hasthemes.com/flone-preview/flone/assets/img/instagram/instagram-8.jpg]
[demo.hasthemes.com/flone-preview/flone/assets/img/instagram/instagram-9.jpg]
[demo.hasthemes.com/flone-preview/flone/assets/img/instagram/instagram-10.jpg]
[demo.hasthemes.com/flone-preview/flone/assets/img/instagram/instagram-11.jpg]
[demo.hasthemes.com/flone-preview/flone/assets/img/instagram/instagram-12.jpg]
[demo.hasthemes.com/flone-preview/flone/assets/img/instagram/instagram-13.jpg]
[demo.hasthemes.com/flone-preview/flone/assets/img/instagram/instagram-14.jpg]
[demo.hasthemes.com/flone-preview/flone/assets/img/instagram/instagram-15.jpg]
[demo.hasthemes.com/flone-preview/flone/assets/img/instagram/instagram-16.jpg]
[demo.hasthemes.com/flone-preview/flone/assets/img/instagram/instagram-17.jpg]
[demo.hasthemes.com/flone-preview/flone/index-30.html]
[demo.hasthemes.com/flone-preview/flone/assets/img/slider/slider-31-1.jpg]
[demo.hasthemes.com/flone-preview/flone/assets/img/banner/banner-77.png]
[demo.hasthemes.com/flone-preview/flone/assets/img/banner/banner-78.png]
[demo.hasthemes.com/flone-preview/flone/assets/img/banner/banner-79.png]
[demo.hasthemes.com/flone-preview/flone/assets/img/product/hm31-pro-4.jpg]
[demo.hasthemes.com/flone-preview/flone/assets/img/product/hm31-pro-5.jpg]
[demo.hasthemes.com/flone-preview/flone/assets/img/product/hm31-pro-2.jpg]
[demo.hasthemes.com/flone-preview/flone/assets/img/product/hm31-pro-1.jpg]
[demo.hasthemes.com/flone-preview/flone/assets/img/product/hm31-pro-3.jpg]
[demo.hasthemes.com/flone-preview/flone/assets/img/product/hm31-pro-8.jpg]
[demo.hasthemes.com/flone-preview/flone/assets/img/product/hm31-pro-6.jpg]
[demo.hasthemes.com/flone-preview/flone/assets/img/product/hm31-pro-7.jpg]
[demo.hasthemes.com/flone-preview/flone/assets/img/icon-img/support-11.png]
[demo.hasthemes.com/flone-preview/flone/assets/img/icon-img/support-12.png]
[demo.hasthemes.com/flone-preview/flone/assets/img/icon-img/support-13.png]
[demo.hasthemes.com/flone-preview/flone/assets/img/banner/banner-80.png]
[demo.hasthemes.com/flone-preview/flone/assets/img/banner/banner-81.png]
[demo.hasthemes.com/flone-preview/flone/index-31.html]
[demo.hasthemes.com/flone-preview/flone/assets/img/slider/slider-32-1.jpg]
[demo.hasthemes.com/flone-preview/flone/assets/img/icon-img/valentine-text.png]
[demo.hasthemes.com/flone-preview/flone/assets/img/banner/banner-82.png]
[demo.hasthemes.com/flone-preview/flone/assets/img/banner/banner-83.png]
[demo.hasthemes.com/flone-preview/flone/assets/img/bg/bg-6.jpg]
[demo.hasthemes.com/flone-preview/flone/assets/img/banner/banner-84.png]
[demo.hasthemes.com/flone-preview/flone/assets/img/banner/banner-85.png]
[demo.hasthemes.com/flone-preview/flone/index-32.html]
[demo.hasthemes.com/flone-preview/flone/assets/img/slider/single-slide-33-1.png]
[demo.hasthemes.com/flone-preview/flone/assets/img/slider/single-slide-33-2.png]
[demo.hasthemes.com/flone-preview/flone/assets/img/banner/banner-86.png]
[demo.hasthemes.com/flone-preview/flone/assets/img/banner/banner-87.png]
[demo.hasthemes.com/flone-preview/flone/assets/img/banner/banner-88.png]
[demo.hasthemes.com/flone-preview/flone/assets/img/icon-img/shipping-4.png]
[demo.hasthemes.com/flone-preview/flone/assets/img/icon-img/headphone-4.png]
[demo.hasthemes.com/flone-preview/flone/assets/img/icon-img/money-4.png]
[demo.hasthemes.com/flone-preview/flone/assets/img/product/hm33-pro-1.jpg]
[demo.hasthemes.com/flone-preview/flone/assets/img/product/hm33-pro-2.jpg]
[demo.hasthemes.com/flone-preview/flone/assets/img/product/hm33-pro-3.jpg]
[demo.hasthemes.com/flone-preview/flone/assets/img/product/hm33-pro-4.jpg]
[demo.hasthemes.com/flone-preview/flone/assets/img/product/hm33-pro-5.jpg]
[demo.hasthemes.com/flone-preview/flone/assets/img/product/hm33-pro-6.jpg]
[demo.hasthemes.com/flone-preview/flone/assets/img/product/hm33-pro-7.jpg]
[demo.hasthemes.com/flone-preview/flone/assets/img/product/hm33-pro-8.jpg]
[demo.hasthemes.com/flone-preview/flone/assets/img/banner/banner-89.png]
[demo.hasthemes.com/flone-preview/flone/assets/img/banner/banner-90.png]
[demo.hasthemes.com/flone-preview/flone/assets/img/banner/banner-91.png]
[demo.hasthemes.com/flone-preview/flone/assets/img/product/hm33-pro-9.jpg]
[demo.hasthemes.com/flone-preview/flone/assets/img/product/hm33-pro-10.jpg]
[demo.hasthemes.com/flone-preview/flone/assets/img/product/hm33-pro-11.jpg]
[demo.hasthemes.com/flone-preview/flone/assets/img/blog/blog-13.jpg]
[demo.hasthemes.com/flone-preview/flone/assets/img/blog/blog-14.jpg]
[demo.hasthemes.com/flone-preview/flone/assets/img/blog/blog-15.jpg]
[demo.hasthemes.com/flone-preview/flone/assets/img/bg/bg-7.jpg]
[demo.hasthemes.com/flone-preview/flone/assets/img/icon-img/medical-contact-shape.png]
[demo.hasthemes.com/flone-preview/flone/assets/img/icon-img/medical-contact.png]
[demo.hasthemes.com/flone-preview/flone/index-33.html]
[demo.hasthemes.com/flone-preview/flone/shop.html]
[demo.hasthemes.com/flone-preview/flone/shop-filter.html]
[demo.hasthemes.com/flone-preview/flone/shop-grid-2-col.html]
[demo.hasthemes.com/flone-preview/flone/shop-no-sidebar.html]
[demo.hasthemes.com/flone-preview/flone/shop-grid-fw.html]
[demo.hasthemes.com/flone-preview/flone/shop-right-sidebar.html]
[demo.hasthemes.com/flone-preview/flone/shop-list.html]
[demo.hasthemes.com/flone-preview/flone/shop-list-fw.html]
[demo.hasthemes.com/flone-preview/flone/shop-list-fw-2col.html]
[demo.hasthemes.com/flone-preview/flone/assets/img/product-details/large-1.jpg]
[demo.hasthemes.com/flone-preview/flone/assets/img/product-details/b-large-1.jpg]
[demo.hasthemes.com/flone-preview/flone/assets/img/product-details/large-2.jpg]
[demo.hasthemes.com/flone-preview/flone/assets/img/product-details/b-large-2.jpg]
[demo.hasthemes.com/flone-preview/flone/assets/img/product-details/large-3.jpg]
[demo.hasthemes.com/flone-preview/flone/assets/img/product-details/b-large-3.jpg]
[demo.hasthemes.com/flone-preview/flone/assets/img/product-details/small-1.jpg]
[demo.hasthemes.com/flone-preview/flone/assets/img/product-details/small-2.jpg]
[demo.hasthemes.com/flone-preview/flone/assets/img/product-details/small-3.jpg]
[demo.hasthemes.com/flone-preview/flone/assets/img/testimonial/1.jpg]
[demo.hasthemes.com/flone-preview/flone/assets/img/testimonial/2.jpg]
[demo.hasthemes.com/flone-preview/flone/product-details.html]
[demo.hasthemes.com/flone-preview/flone/assets/img/product-details/product-detalis-s6.jpg]
[demo.hasthemes.com/flone-preview/flone/assets/img/product-details/product-detalis-s7.jpg]
[demo.hasthemes.com/flone-preview/flone/assets/img/product-details/product-detalis-s9.jpg]
[demo.hasthemes.com/flone-preview/flone/assets/img/product-details/product-detalis-s8.jpg]
[demo.hasthemes.com/flone-preview/flone/assets/img/product-details/product-detalis-s1.jpg]
[demo.hasthemes.com/flone-preview/flone/assets/img/product-details/product-detalis-l1.jpg]
[demo.hasthemes.com/flone-preview/flone/product-details-2.html]
[demo.hasthemes.com/flone-preview/flone/product-details-3.html]
[demo.hasthemes.com/flone-preview/flone/assets/img/product-details/product-detalis-l5.jpg]
[demo.hasthemes.com/flone-preview/flone/assets/img/product-details/product-detalis-l3.jpg]
[demo.hasthemes.com/flone-preview/flone/product-details-4.html]
[demo.hasthemes.com/flone-preview/flone/assets/img/product-details/product-detalis-l2.jpg]
[demo.hasthemes.com/flone-preview/flone/product-details-5.html]
[demo.hasthemes.com/flone-preview/flone/assets/img/product-details/product-detalis-bl1.jpg]
[demo.hasthemes.com/flone-preview/flone/assets/img/product-details/product-detalis-bl2.jpg]
[demo.hasthemes.com/flone-preview/flone/assets/img/product-details/product-detalis-bl5.jpg]
[demo.hasthemes.com/flone-preview/flone/assets/img/product-details/product-detalis-bl3.jpg]
[demo.hasthemes.com/flone-preview/flone/product-details-slider-box.html]
[demo.hasthemes.com/flone-preview/flone/product-details-affiliate.html]
[demo.hasthemes.com/flone-preview/flone/product-details-6.html]
[demo.hasthemes.com/flone-preview/flone/assets/img/team/team-1.jpg]
[demo.hasthemes.com/flone-preview/flone/assets/img/team/team-3.jpg]
[demo.hasthemes.com/flone-preview/flone/assets/img/team/team-2.jpg]
[demo.hasthemes.com/flone-preview/flone/assets/img/team/team-4.jpg]
[demo.hasthemes.com/flone-preview/flone/about.html]
[demo.hasthemes.com/flone-preview/flone/cart-page.html]
[demo.hasthemes.com/flone-preview/flone/checkout.html]
[demo.hasthemes.com/flone-preview/flone/wishlist.html]
[demo.hasthemes.com/flone-preview/flone/my-account.html]
[demo.hasthemes.com/flone-preview/flone/login-register.html]
[demo.hasthemes.com/flone-preview/flone/contact.html]
[demo.hasthemes.com/flone-preview/flone/404.html]
[demo.hasthemes.com/flone-preview/flone/assets/img/blog/blog-9.jpg]
[demo.hasthemes.com/flone-preview/flone/assets/img/blog/blog-4.jpg]
[demo.hasthemes.com/flone-preview/flone/assets/img/blog/blog-5.jpg]
[demo.hasthemes.com/flone-preview/flone/assets/img/blog/blog-6.jpg]
[demo.hasthemes.com/flone-preview/flone/assets/img/blog/sidebar-1.jpg]
[demo.hasthemes.com/flone-preview/flone/assets/img/blog/sidebar-2.jpg]
[demo.hasthemes.com/flone-preview/flone/assets/img/blog/sidebar-3.jpg]
[demo.hasthemes.com/flone-preview/flone/blog.html]
[demo.hasthemes.com/flone-preview/flone/assets/img/blog/blog-7.jpg]
[demo.hasthemes.com/flone-preview/flone/assets/img/blog/blog-8.jpg]
[demo.hasthemes.com/flone-preview/flone/blog-no-sidebar.html]
[demo.hasthemes.com/flone-preview/flone/blog-right-sidebar.html]
[demo.hasthemes.com/flone-preview/flone/assets/img/blog/blog-details.jpg]
[demo.hasthemes.com/flone-preview/flone/assets/img/blog/blog-details-2.jpg]
[demo.hasthemes.com/flone-preview/flone/assets/img/blog/comment-1.jpg]
[demo.hasthemes.com/flone-preview/flone/assets/img/blog/comment-2.jpg]
[demo.hasthemes.com/flone-preview/flone/blog-details.html]
[demo.hasthemes.com/flone-preview/flone/blog-details-2.html]
[demo.hasthemes.com/flone-preview/flone/blog-details-3.html]
[demo.hasthemes.com/flone-preview/flone/single-product.html]
[demo.hasthemes.com/flone-preview/flone/assets/img/blog/blog-1.jpg]
[demo.hasthemes.com/flone-preview/flone/assets/js/vendor/modernizr-2.8.3.min.js]
[demo.hasthemes.com/flone-preview/flone/assets/css/bootstrap.min.css]
[demo.hasthemes.com/flone-preview/flone/assets/js/vendor/jquery-v3.4.1.min.js]
[demo.hasthemes.com/flone-preview/flone/assets/img/slider/single-slide-1.png]
[demo.hasthemes.com/flone-preview/flone/assets/js/popper.min.js]
[demo.hasthemes.com/flone-preview/flone/assets/fonts/Pe-icon-7-strokebb1d.eot]
[demo.hasthemes.com/flone-preview/flone/assets/js/ajax-mail.js]
[demo.hasthemes.com/flone-preview/flone/assets/fonts/Pe-icon-7-stroked41d.eot]
[demo.hasthemes.com/flone-preview/flone/assets/js/bootstrap.min.js]
[demo.hasthemes.com/flone-preview/flone/assets/js/plugins.js]
[demo.hasthemes.com/flone-preview/flone/assets/js/main.js]
[demo.hasthemes.com/flone-preview/flone/assets/img/slider/slider-5.jpg]
[demo.hasthemes.com/flone-preview/flone/assets/fonts/Pe-icon-7-strokebb1d.woff]
[demo.hasthemes.com/flone-preview/flone/assets/img/bg/bg-1.jpg]
[demo.hasthemes.com/flone-preview/flone/assets/fonts/Pe-icon-7-strokebb1d.ttf]
[demo.hasthemes.com/flone-preview/flone/assets/img/slider/hm-11-1.png]
[demo.hasthemes.com/flone-preview/flone/assets/img/slider/slider-5-1.jpg]
[demo.hasthemes.com/flone-preview/flone/assets/img/slider/hm-11-2.png]
[demo.hasthemes.com/flone-preview/flone/assets/img/testimonial/testi-2.png]
[demo.hasthemes.com/flone-preview/flone/assets/fonts/Pe-icon-7-strokebb1d.svg]
[demo.hasthemes.com/flone-preview/flone/assets/img/slider/slider-8.jpg]
[demo.hasthemes.com/flone-preview/flone/assets/img/slider/slider-8-2.jpg]
[demo.hasthemes.com/flone-preview/flone/assets/fonts/fontawesome-webfont3295.eot]
[demo.hasthemes.com/flone-preview/flone/assets/img/slider/slider-10.jpg]
[demo.hasthemes.com/flone-preview/flone/assets/img/banner/banner-62.png]
[demo.hasthemes.com/flone-preview/flone/assets/img/slider/slider-27-1.jpg]
[demo.hasthemes.com/flone-preview/flone/assets/img/banner/banner-67.png]
[demo.hasthemes.com/flone-preview/flone/assets/fonts/fontawesome-webfontd41d.eot]
[demo.hasthemes.com/flone-preview/flone/assets/fonts/fontawesome-webfont3295.woff2]
[demo.hasthemes.com/flone-preview/flone/assets/img/slider/single-slide-33-1.png]
[demo.hasthemes.com/flone-preview/flone/assets/img/slider/single-slide-33-2.png]
[demo.hasthemes.com/flone-preview/flone/assets/img/slider/slider-29-1.jpg]
[demo.hasthemes.com/flone-preview/flone/assets/img/banner/banner-86.png]
[demo.hasthemes.com/flone-preview/flone/assets/img/banner/banner-88.png]
[demo.hasthemes.com/flone-preview/flone/assets/img/banner/banner-89.png]
[demo.hasthemes.com/flone-preview/flone/assets/fonts/fontawesome-webfont3295.woff]
[demo.hasthemes.com/flone-preview/flone/assets/img/banner/banner-87.png]
[demo.hasthemes.com/flone-preview/flone/assets/img/banner/banner-90.png]
[demo.hasthemes.com/flone-preview/flone/assets/img/banner/banner-91.png]
[demo.hasthemes.com/flone-preview/flone/assets/img/product-details/product-detalis-bl3.jpg]
[demo.hasthemes.com/flone-preview/flone/assets/fonts/fontawesome-webfont3295.ttf]
[demo.hasthemes.com/flone-preview/flone/assets/fonts/fontawesome-webfont3295.svg]
[demo.hasthemes.com/flone-preview/flone/assets/css/icons.min.css]
[demo.hasthemes.com/flone-preview/flone/assets/img/blog/blog-7.jpg]
[demo.hasthemes.com/flone-preview/flone/assets/fonts/Pe-icon-7-strokebb1d.eot]
[demo.hasthemes.com/flone-preview/flone/assets/fonts/Pe-icon-7-strokebb1d.woff]
[demo.hasthemes.com/flone-preview/flone/assets/fonts/Pe-icon-7-strokebb1d.ttf]
[demo.hasthemes.com/flone-preview/flone/assets/fonts/fontawesome-webfontd41d.eot]
[demo.hasthemes.com/flone-preview/flone/assets/fonts/fontawesome-webfont3295.woff]
[demo.hasthemes.com/flone-preview/flone/assets/css/owl.video.play.260.delayed]
[demo.hasthemes.com/flone-preview/flone/assets/fonts/fontawesome-webfont3295.ttf]
[demo.hasthemes.com/flone-preview/flone/assets/css/images/ui-bg_inset-hard_100_fcfdfd_1x100.png]
[demo.hasthemes.com/flone-preview/flone/assets/css/images/ui-bg_gloss-wave_55_5c9ccc_500x100.png]
[demo.hasthemes.com/flone-preview/flone/assets/css/images/ui-bg_glass_85_dfeffc_1x400.png]
[demo.hasthemes.com/flone-preview/flone/assets/css/images/ui-bg_glass_75_d0e5f5_1x400.png]
[demo.hasthemes.com/flone-preview/flone/assets/css/images/ui-bg_inset-hard_100_f5f8f9_1x100.png]
[demo.hasthemes.com/flone-preview/flone/assets/css/images/ui-bg_glass_95_fef1ec_1x400.png]
[demo.hasthemes.com/flone-preview/flone/assets/css/images/ui-icons_469bdd_256x240.png]
[demo.hasthemes.com/flone-preview/flone/assets/css/images/ui-icons_d8e7f3_256x240.png]
[demo.hasthemes.com/flone-preview/flone/assets/css/images/ui-icons_6da8d5_256x240.png]
[demo.hasthemes.com/flone-preview/flone/assets/css/images/ui-icons_217bc0_256x240.png]
[demo.hasthemes.com/flone-preview/flone/assets/css/images/ui-icons_f9bd01_256x240.png]
[demo.hasthemes.com/flone-preview/flone/assets/css/images/ui-icons_2e83ff_256x240.png]
[demo.hasthemes.com/flone-preview/flone/assets/css/images/ui-icons_cd0a0a_256x240.png]
[demo.hasthemes.com/flone-preview/flone/assets/css/plugins.css]
[demo.hasthemes.com/flone-preview/flone/assets/img/bg/snow1.png]
[demo.hasthemes.com/flone-preview/flone/assets/img/icon-img/suscribe.png]
[demo.hasthemes.com/flone-preview/flone/assets/img/icon-img/select.png]
[demo.hasthemes.com/flone-preview/flone/assets/img/icon-img/cart.png]
[demo.hasthemes.com/flone-preview/flone/assets/css/style.css]
[demo.hasthemes.com/flone-preview/flone/assets/fonts/Pe-icon-7-strokebb1d.svg]
[demo.hasthemes.com/flone-preview/flone/assets/fonts/fontawesome-webfont3295.svg]
[demo.hasthemes.com/flone-preview/flone/assets/css/owl.video.play.png]
[demo.hasthemes.com/flone-preview/flone/assets/css/images/ui-bg_inset-hard_100_fcfdfd_1x100.png]
[demo.hasthemes.com/flone-preview/flone/assets/css/images/ui-bg_gloss-wave_55_5c9ccc_500x100.png]
[demo.hasthemes.com/flone-preview/flone/assets/css/images/ui-bg_glass_85_dfeffc_1x400.png]
[demo.hasthemes.com/flone-preview/flone/assets/css/images/ui-bg_glass_75_d0e5f5_1x400.png]
[demo.hasthemes.com/flone-preview/flone/assets/css/images/ui-bg_inset-hard_100_f5f8f9_1x100.png]
[demo.hasthemes.com/flone-preview/flone/assets/css/images/ui-bg_glass_95_fef1ec_1x400.png]
[demo.hasthemes.com/flone-preview/flone/assets/css/images/ui-icons_469bdd_256x240.png]
[demo.hasthemes.com/flone-preview/flone/assets/css/images/ui-icons_d8e7f3_256x240.png]
[demo.hasthemes.com/flone-preview/flone/assets/css/images/ui-icons_6da8d5_256x240.png]
[demo.hasthemes.com/flone-preview/flone/assets/css/images/ui-icons_217bc0_256x240.png]
[demo.hasthemes.com/flone-preview/flone/assets/css/images/ui-icons_f9bd01_256x240.png]
[demo.hasthemes.com/flone-preview/flone/assets/css/images/ui-icons_2e83ff_256x240.png]
[demo.hasthemes.com/flone-preview/flone/assets/css/images/ui-icons_cd0a0a_256x240.png]
